[2025-11-13 14:54:15] Iniciando gerador de atividades do Moodle...
[2025-11-13 14:54:15] Configuração: 30s entre atividades, máximo: 50
[2025-11-13 14:54:15] Atividade #1 criada (ID: 1, Tipo: assign)
[2025-11-13 14:54:45] Atividade #2 criada (ID: 2, Tipo: assign)
[2025-11-13 14:55:15] Atividade #3 criada (ID: 3, Tipo: assign)
[2025-11-13 14:55:45] Atividade #4 criada (ID: 4, Tipo: assign)
[2025-11-13 14:56:15] Atividade #5 criada (ID: 5, Tipo: assign)
[2025-11-13 14:56:45] Atividade #6 criada (ID: 1, Tipo: quiz)
[2025-11-13 14:57:15] Atividade #7 criada (ID: 2, Tipo: quiz)
[2025-11-13 14:57:45] Atividade #8 criada (ID: 6, Tipo: assign)
[2025-11-13 14:58:15] Atividade #9 criada (ID: 7, Tipo: assign)
[2025-11-13 14:58:45] Atividade #10 criada (ID: 8, Tipo: assign)
[2025-11-13 14:59:15] Atividade #11 criada (ID: 3, Tipo: quiz)
[2025-11-13 14:59:45] Atividade #12 criada (ID: 4, Tipo: quiz)
[2025-11-13 15:00:15] Atividade #13 criada (ID: 9, Tipo: assign)
[2025-11-13 15:00:45] Atividade #14 criada (ID: 5, Tipo: quiz)
[2025-11-13 15:01:15] Atividade #15 criada (ID: 10, Tipo: assign)
[2025-11-13 15:01:45] Atividade #16 criada (ID: 6, Tipo: quiz)
[2025-11-13 15:02:15] Atividade #17 criada (ID: 11, Tipo: assign)
[2025-11-13 15:02:45] Atividade #18 criada (ID: 12, Tipo: assign)
[2025-11-13 15:03:15] Atividade #19 criada (ID: 13, Tipo: assign)
[2025-11-13 15:03:45] Atividade #20 criada (ID: 7, Tipo: quiz)
[2025-11-13 15:04:15] Atividade #21 criada (ID: 8, Tipo: quiz)
[2025-11-13 15:04:45] Atividade #22 criada (ID: 9, Tipo: quiz)
[2025-11-13 15:05:15] Atividade #23 criada (ID: 10, Tipo: quiz)
[2025-11-13 15:05:45] Atividade #24 criada (ID: 14, Tipo: assign)
[2025-11-13 15:06:15] Atividade #25 criada (ID: 11, Tipo: quiz)
[2025-11-13 15:06:45] Atividade #26 criada (ID: 12, Tipo: quiz)
[2025-11-13 15:07:15] Atividade #27 criada (ID: 13, Tipo: quiz)
[2025-11-13 15:07:45] Atividade #28 criada (ID: 15, Tipo: assign)
[2025-11-13 15:08:15] Atividade #29 criada (ID: 16, Tipo: assign)
[2025-11-13 15:08:45] Atividade #30 criada (ID: 17, Tipo: assign)
[2025-11-13 15:09:15] Atividade #31 criada (ID: 14, Tipo: quiz)
[2025-11-13 15:09:45] Atividade #32 criada (ID: 18, Tipo: assign)
[2025-11-13 15:10:15] Atividade #33 criada (ID: 15, Tipo: quiz)
[2025-11-13 15:10:45] Atividade #34 criada (ID: 16, Tipo: quiz)
[2025-11-13 15:11:15] Atividade #35 criada (ID: 19, Tipo: assign)
[2025-11-13 15:11:45] Atividade #36 criada (ID: 17, Tipo: quiz)
[2025-11-13 15:12:15] Atividade #37 criada (ID: 18, Tipo: quiz)
[2025-11-13 15:12:45] Atividade #38 criada (ID: 20, Tipo: assign)
[2025-11-13 15:13:15] Atividade #39 criada (ID: 19, Tipo: quiz)
[2025-11-13 15:13:45] Atividade #40 criada (ID: 20, Tipo: quiz)
[2025-11-13 15:14:15] Atividade #41 criada (ID: 21, Tipo: quiz)
[2025-11-13 15:14:45] Atividade #42 criada (ID: 21, Tipo: assign)
[2025-11-13 15:15:15] Atividade #43 criada (ID: 22, Tipo: quiz)
[2025-11-13 15:15:45] Atividade #44 criada (ID: 22, Tipo: assign)
[2025-11-13 15:16:15] Atividade #45 criada (ID: 23, Tipo: quiz)
[2025-11-13 15:16:45] Atividade #46 criada (ID: 23, Tipo: assign)
[2025-11-13 15:17:15] Atividade #47 criada (ID: 24, Tipo: quiz)
[2025-11-13 15:17:45] Atividade #48 criada (ID: 25, Tipo: quiz)
[2025-11-16 15:49:48] Iniciando gerador de atividades do Moodle...
[2025-11-16 15:49:48] Configuração: 30s entre atividades, máximo: 50
[2025-11-16 15:49:48] Atividade #1 criada (ID: 24, Tipo: assign)
[2025-11-16 15:50:18] Atividade #2 criada (ID: 25, Tipo: assign)
[2025-11-16 15:50:48] Atividade #3 criada (ID: 26, Tipo: quiz)
[2025-11-16 15:51:18] Atividade #4 criada (ID: 26, Tipo: assign)
[2025-11-16 15:51:48] Atividade #5 criada (ID: 27, Tipo: quiz)
[2025-11-16 15:52:18] Atividade #6 criada (ID: 28, Tipo: quiz)
[2025-11-16 15:52:48] Atividade #7 criada (ID: 27, Tipo: assign)
[2025-11-16 15:53:19] Atividade #8 criada (ID: 29, Tipo: quiz)
[2025-11-16 15:53:49] Atividade #9 criada (ID: 30, Tipo: quiz)
[2025-11-16 15:54:19] Atividade #10 criada (ID: 28, Tipo: assign)
[2025-11-16 15:54:49] Atividade #11 criada (ID: 31, Tipo: quiz)
[2025-11-16 15:55:19] Atividade #12 criada (ID: 29, Tipo: assign)
[2025-11-16 15:55:49] Atividade #13 criada (ID: 30, Tipo: assign)
[2025-11-16 15:56:19] Atividade #14 criada (ID: 32, Tipo: quiz)
[2025-11-16 15:56:49] Atividade #15 criada (ID: 33, Tipo: quiz)
[2025-11-16 15:57:19] Atividade #16 criada (ID: 34, Tipo: quiz)
[2025-11-16 15:57:49] Atividade #17 criada (ID: 31, Tipo: assign)
[2025-11-16 15:58:19] Atividade #18 criada (ID: 35, Tipo: quiz)
[2025-11-16 15:58:49] Atividade #19 criada (ID: 36, Tipo: quiz)
[2025-11-16 15:59:19] Atividade #20 criada (ID: 37, Tipo: quiz)
[2025-11-16 15:59:49] Atividade #21 criada (ID: 38, Tipo: quiz)
[2025-11-16 16:00:19] Atividade #22 criada (ID: 32, Tipo: assign)
[2025-11-16 16:00:49] Atividade #23 criada (ID: 39, Tipo: quiz)
[2025-11-16 16:01:19] Atividade #24 criada (ID: 33, Tipo: assign)
[2025-11-16 16:01:49] Atividade #25 criada (ID: 40, Tipo: quiz)
[2025-11-16 16:02:19] Atividade #26 criada (ID: 34, Tipo: assign)
[2025-11-16 16:02:49] Atividade #27 criada (ID: 35, Tipo: assign)
[2025-11-16 16:03:19] Atividade #28 criada (ID: 41, Tipo: quiz)
[2025-11-16 16:03:49] Atividade #29 criada (ID: 42, Tipo: quiz)
[2025-11-16 16:04:19] Atividade #30 criada (ID: 36, Tipo: assign)
[2025-11-16 16:04:49] Atividade #31 criada (ID: 37, Tipo: assign)
[2025-11-16 16:05:19] Atividade #32 criada (ID: 38, Tipo: assign)
[2025-11-16 16:05:49] Atividade #33 criada (ID: 39, Tipo: assign)
[2025-11-16 16:06:19] Atividade #34 criada (ID: 40, Tipo: assign)
[2025-11-16 16:06:49] Atividade #35 criada (ID: 43, Tipo: quiz)
[2025-11-16 16:07:19] Atividade #36 criada (ID: 41, Tipo: assign)
[2025-11-16 16:07:49] Atividade #37 criada (ID: 42, Tipo: assign)
[2025-11-16 16:08:19] Atividade #38 criada (ID: 43, Tipo: assign)
[2025-11-16 16:08:49] Atividade #39 criada (ID: 44, Tipo: assign)
[2025-11-16 16:09:19] Atividade #40 criada (ID: 45, Tipo: assign)
[2025-11-16 16:09:49] Atividade #41 criada (ID: 44, Tipo: quiz)
[2025-11-16 16:10:19] Atividade #42 criada (ID: 45, Tipo: quiz)
[2025-11-16 16:10:49] Atividade #43 criada (ID: 46, Tipo: assign)
[2025-11-16 16:11:19] Atividade #44 criada (ID: 47, Tipo: assign)
[2025-11-16 16:11:49] Atividade #45 criada (ID: 46, Tipo: quiz)
[2025-11-16 16:12:19] Atividade #46 criada (ID: 48, Tipo: assign)
[2025-11-16 16:12:49] Atividade #47 criada (ID: 47, Tipo: quiz)
[2025-11-16 16:13:19] Atividade #48 criada (ID: 49, Tipo: assign)
[2025-11-16 16:13:49] Atividade #49 criada (ID: 50, Tipo: assign)
[2025-11-16 16:14:19] Atividade #50 criada (ID: 51, Tipo: assign)
[2025-11-16 16:14:19] Processo concluído! 50 atividades criadas.
