[2025-11-18 20:05:02] === Modo de Teste ===
[2025-11-18 20:07:02] === Modo de Teste ===
[2025-11-18 20:08:21] === Modo de Teste ===
[2025-11-18 20:08:56] === Modo de Teste ===
[2025-11-18 20:09:02] === Modo de Teste ===
[2025-11-18 20:10:20] === Modo de Teste ===
[2025-11-18 20:10:34] === Modo de Teste ===
[2025-11-18 20:12:15] === Modo de Teste ===
[2025-11-18 20:12:15] Modo de teste - Enviando notificação de teste...
[2025-11-18 20:12:15] ❌ Erro ao enviar notificação de teste
[2025-11-18 20:12:15] Processamento concluído!
[2025-11-18 20:13:05] === Modo de Teste ===
[2025-11-18 20:13:05] Modo de teste - Enviando notificação de teste...
[2025-11-18 20:13:05] ✅ Notificação de teste enviada com sucesso!
[2025-11-18 20:13:05] Processamento concluído!
[2025-11-18 20:52:58] === Modo de Teste ===
[2025-11-18 20:52:58] Modo de teste - Enviando notificação de teste...
[2025-11-18 20:52:58] ❌ Erro ao enviar notificação de teste
[2025-11-18 20:52:58] Processamento concluído!
[2025-11-18 20:53:15] === Modo de Teste ===
[2025-11-18 20:53:15] Modo de teste - Enviando notificação de teste...
[2025-11-18 20:53:15] ❌ Erro ao enviar notificação de teste
[2025-11-18 20:53:15] Processamento concluído!
[2025-11-18 20:53:20] === Modo de Teste ===
[2025-11-18 20:53:20] Modo de teste - Enviando notificação de teste...
[2025-11-18 20:53:20] ❌ Erro ao enviar notificação de teste
[2025-11-18 20:53:20] Processamento concluído!
[2025-11-18 21:05:51] === Modo de Teste ===
[2025-11-18 21:05:51] Modo de teste - Enviando notificação de teste...
[2025-11-18 21:05:51] ❌ Erro ao enviar notificação de teste
[2025-11-18 21:05:51] Processamento concluído!
[2025-11-18 21:05:54] === Modo de Teste ===
[2025-11-18 21:05:54] Modo de teste - Enviando notificação de teste...
[2025-11-18 21:05:54] ❌ Erro ao enviar notificação de teste
[2025-11-18 21:05:54] Processamento concluído!
[2025-11-18 21:06:05] === Modo de Teste ===
[2025-11-18 21:06:05] Modo de teste - Enviando notificação de teste...
[2025-11-18 21:06:05] ❌ Erro ao enviar notificação de teste
[2025-11-18 21:06:05] Processamento concluído!
[2025-11-18 21:13:30] === Modo de Teste ===
[2025-11-18 21:13:30] Modo de teste - Enviando notificação de teste...
[2025-11-18 21:13:30] ❌ Erro ao enviar notificação de teste
[2025-11-18 21:13:30] Processamento concluído!
[2025-11-19 00:14:46] === Modo de Teste ===
[2025-11-19 00:20:29] Iniciando processamento de notificações...
[2025-11-19 00:20:29] Notificações de Prazos: silence_period - Enviadas: 0
[2025-11-19 00:20:29] Notificações de Mudanças: silence_period - Detectadas: 0 - Enviadas: 0
[2025-11-19 00:20:29] Iniciando processamento de notificações...
[2025-11-19 00:20:29] Notificações de Prazos: silence_period - Enviadas: 0
[2025-11-19 00:20:29] Notificações de Mudanças: silence_period - Detectadas: 0 - Enviadas: 0
[2025-11-19 00:20:30] Iniciando processamento de notificações...
[2025-11-19 00:20:30] Notificações de Prazos: silence_period - Enviadas: 0
[2025-11-19 00:20:30] Notificações de Mudanças: silence_period - Detectadas: 0 - Enviadas: 0
